<?xml version="1.0" encoding="UTF-8"?>
<!-- Generated by org.testng.reporters.JUnitXMLReporter -->
<testsuite ignored="0" hostname="LAPTOP-3DLPEHOF" failures="1" tests="5" name="Regression" time="36.218" errors="0" timestamp="2023-06-12T08:49:23 IST">
  <testcase classname="com.trello.genericutility.BaseClass" name="@AfterMethod configAfterMethod" time="0.005">
    <failure type="org.openqa.selenium.NoSuchWindowException" message="no such window: target window already closed
from unknown error: web view not found
  (Session info: chrome=114.0.5735.110)
Build info: version: &amp;apos;4.9.0&amp;apos;, revision: &amp;apos;d7057100a6&amp;apos;
System info: os.name: &amp;apos;Windows 11&amp;apos;, os.arch: &amp;apos;amd64&amp;apos;, os.version: &amp;apos;10.0&amp;apos;, java.version: &amp;apos;19.0.2&amp;apos;
Driver info: org.openqa.selenium.chrome.ChromeDriver
Command: [7ded0490e239596148edd1d3883484f9, minimizeCurrentWindow {}]
Capabilities {acceptInsecureCerts: false, browserName: chrome, browserVersion: 114.0.5735.110, chrome: {chromedriverVersion: 114.0.5735.90 (386bc09e8f4f..., userDataDir: C:\Users\manik\AppData\Loca...}, goog:chromeOptions: {debuggerAddress: localhost:61390}, networkConnectionEnabled: false, pageLoadStrategy: normal, platformName: WINDOWS, proxy: Proxy(), se:cdp: ws://localhost:61390/devtoo..., se:cdpVersion: 114.0.5735.110, setWindowRect: true, strictFileInteractability: false, timeouts: {implicit: 0, pageLoad: 300000, script: 30000}, unhandledPromptBehavior: dismiss and notify, webauthn:extension:credBlob: true, webauthn:extension:largeBlob: true, webauthn:extension:minPinLength: true, webauthn:extension:prf: true, webauthn:virtualAuthenticators: true}
Session ID: 7ded0490e239596148edd1d3883484f9">
      <![CDATA[org.openqa.selenium.NoSuchWindowException: no such window: target window already closed
from unknown error: web view not found
  (Session info: chrome=114.0.5735.110)
Build info: version: '4.9.0', revision: 'd7057100a6'
System info: os.name: 'Windows 11', os.arch: 'amd64', os.version: '10.0', java.version: '19.0.2'
Driver info: org.openqa.selenium.chrome.ChromeDriver
Command: [7ded0490e239596148edd1d3883484f9, minimizeCurrentWindow {}]
Capabilities {acceptInsecureCerts: false, browserName: chrome, browserVersion: 114.0.5735.110, chrome: {chromedriverVersion: 114.0.5735.90 (386bc09e8f4f..., userDataDir: C:\Users\manik\AppData\Loca...}, goog:chromeOptions: {debuggerAddress: localhost:61390}, networkConnectionEnabled: false, pageLoadStrategy: normal, platformName: WINDOWS, proxy: Proxy(), se:cdp: ws://localhost:61390/devtoo..., se:cdpVersion: 114.0.5735.110, setWindowRect: true, strictFileInteractability: false, timeouts: {implicit: 0, pageLoad: 300000, script: 30000}, unhandledPromptBehavior: dismiss and notify, webauthn:extension:credBlob: true, webauthn:extension:largeBlob: true, webauthn:extension:minPinLength: true, webauthn:extension:prf: true, webauthn:virtualAuthenticators: true}
Session ID: 7ded0490e239596148edd1d3883484f9
at org.openqa.selenium.remote.codec.w3c.W3CHttpResponseCodec.createException(W3CHttpResponseCodec.java:200)
at org.openqa.selenium.remote.codec.w3c.W3CHttpResponseCodec.decode(W3CHttpResponseCodec.java:133)
at org.openqa.selenium.remote.codec.w3c.W3CHttpResponseCodec.decode(W3CHttpResponseCodec.java:53)
at org.openqa.selenium.remote.HttpCommandExecutor.execute(HttpCommandExecutor.java:193)
at org.openqa.selenium.remote.service.DriverCommandExecutor.invokeExecute(DriverCommandExecutor.java:183)
at org.openqa.selenium.remote.service.DriverCommandExecutor.execute(DriverCommandExecutor.java:158)
at org.openqa.selenium.remote.RemoteWebDriver.execute(RemoteWebDriver.java:543)
at org.openqa.selenium.remote.RemoteWebDriver.execute(RemoteWebDriver.java:598)
at org.openqa.selenium.remote.RemoteWebDriver.execute(RemoteWebDriver.java:602)
at org.openqa.selenium.remote.RemoteWebDriver$RemoteWebDriverOptions$RemoteWindow.minimize(RemoteWebDriver.java:958)
at com.trello.genericutility.BaseClass.configAfterMethod(BaseClass.java:33)
at java.base/java.util.ArrayList.forEach(ArrayList.java:1511)
... Removed 33 stack frames]]>
    </failure>
  </testcase> <!-- @AfterMethod configAfterMethod -->
  <testcase classname="com.trello.genericutility.BaseClass" name="@BeforeMethod configBeforemethod" time="-1.6865399638E9">
    <skipped/>
  </testcase> <!-- @BeforeMethod configBeforemethod -->
  <testcase classname="com.trello.genericutility.BaseClass" name="@AfterMethod configAfterMethod" time="-1.686539963807E9">
    <skipped/>
  </testcase> <!-- @AfterMethod configAfterMethod -->
  <testcase classname="com.trello.genericutility.BaseClass" name="@BeforeMethod configBeforemethod" time="-1.686539963808E9">
    <skipped/>
  </testcase> <!-- @BeforeMethod configBeforemethod -->
  <testcase classname="com.trello.genericutility.BaseClass" name="@AfterMethod configAfterMethod" time="-1.686539963812E9">
    <skipped/>
  </testcase> <!-- @AfterMethod configAfterMethod -->
  <testcase classname="com.trello.genericutility.BaseClass" name="@BeforeMethod configBeforemethod" time="-1.686539963817E9">
    <skipped/>
  </testcase> <!-- @BeforeMethod configBeforemethod -->
  <testcase classname="com.trello.genericutility.BaseClass" name="@AfterMethod configAfterMethod" time="-1.686539963821E9">
    <skipped/>
  </testcase> <!-- @AfterMethod configAfterMethod -->
  <testcase classname="com.trello.genericutility.BaseClass" name="@BeforeMethod configBeforemethod" time="-1.686539963823E9">
    <skipped/>
  </testcase> <!-- @BeforeMethod configBeforemethod -->
  <testcase classname="com.trello.genericutility.BaseClass" name="@AfterMethod configAfterMethod" time="-1.686539963829E9">
    <skipped/>
  </testcase> <!-- @AfterMethod configAfterMethod -->
  <testcase classname="com.trello.testcases.TrelloBoards" name="trelloHomePageCheck" time="31.067">
    <failure type="org.openqa.selenium.TimeoutException" message="Expected condition failed: waiting for title to contain &amp;quot;Manage Your Team’s Projects From Anywhere | Trello&amp;quot;. Current title: &amp;quot;&amp;quot; (tried for 30 second(s) with 500 milliseconds interval)">
      <![CDATA[org.openqa.selenium.TimeoutException: Expected condition failed: waiting for title to contain "Manage Your Team’s Projects From Anywhere | Trello". Current title: "" (tried for 30 second(s) with 500 milliseconds interval)
at org.openqa.selenium.support.ui.WebDriverWait.timeoutException(WebDriverWait.java:87)
at org.openqa.selenium.support.ui.FluentWait.until(FluentWait.java:231)
at com.trello.genericutility.WebdriverUtility.explicitWaitForPartialTitle(WebdriverUtility.java:32)
at com.trello.testcases.TrelloBoards.trelloHomePageCheck(TrelloBoards.java:95)
at java.base/java.util.ArrayList.forEach(ArrayList.java:1511)
Caused by: org.openqa.selenium.NoSuchWindowException: no such window: target window already closed
from unknown error: web view not found
  (Session info: chrome=114.0.5735.110)
Build info: version: '4.9.0', revision: 'd7057100a6'
System info: os.name: 'Windows 11', os.arch: 'amd64', os.version: '10.0', java.version: '19.0.2'
Driver info: org.openqa.selenium.chrome.ChromeDriver
Command: [7ded0490e239596148edd1d3883484f9, getTitle {}]
Capabilities {acceptInsecureCerts: false, browserName: chrome, browserVersion: 114.0.5735.110, chrome: {chromedriverVersion: 114.0.5735.90 (386bc09e8f4f..., userDataDir: C:\Users\manik\AppData\Loca...}, goog:chromeOptions: {debuggerAddress: localhost:61390}, networkConnectionEnabled: false, pageLoadStrategy: normal, platformName: WINDOWS, proxy: Proxy(), se:cdp: ws://localhost:61390/devtoo..., se:cdpVersion: 114.0.5735.110, setWindowRect: true, strictFileInteractability: false, timeouts: {implicit: 0, pageLoad: 300000, script: 30000}, unhandledPromptBehavior: dismiss and notify, webauthn:extension:credBlob: true, webauthn:extension:largeBlob: true, webauthn:extension:minPinLength: true, webauthn:extension:prf: true, webauthn:virtualAuthenticators: true}
Session ID: 7ded0490e239596148edd1d3883484f9
at org.openqa.selenium.remote.codec.w3c.W3CHttpResponseCodec.createException(W3CHttpResponseCodec.java:200)
at org.openqa.selenium.remote.codec.w3c.W3CHttpResponseCodec.decode(W3CHttpResponseCodec.java:133)
at org.openqa.selenium.remote.codec.w3c.W3CHttpResponseCodec.decode(W3CHttpResponseCodec.java:53)
at org.openqa.selenium.remote.HttpCommandExecutor.execute(HttpCommandExecutor.java:193)
at org.openqa.selenium.remote.service.DriverCommandExecutor.invokeExecute(DriverCommandExecutor.java:183)
at org.openqa.selenium.remote.service.DriverCommandExecutor.execute(DriverCommandExecutor.java:158)
at org.openqa.selenium.remote.RemoteWebDriver.execute(RemoteWebDriver.java:543)
at org.openqa.selenium.remote.RemoteWebDriver.execute(RemoteWebDriver.java:598)
at org.openqa.selenium.remote.RemoteWebDriver.execute(RemoteWebDriver.java:602)
at org.openqa.selenium.remote.RemoteWebDriver.getTitle(RemoteWebDriver.java:302)
at org.openqa.selenium.support.ui.ExpectedConditions$2.apply(ExpectedConditions.java:81)
at org.openqa.selenium.support.ui.ExpectedConditions$2.apply(ExpectedConditions.java:76)
at org.openqa.selenium.support.ui.FluentWait.until(FluentWait.java:208)
... 28 more
... Removed 28 stack frames]]>
    </failure>
  </testcase> <!-- trelloHomePageCheck -->
  <testcase classname="com.trello.testcases.TrelloBoards" name="trelloLoginPageCheck" time="0.0">
    <skipped/>
  </testcase> <!-- trelloLoginPageCheck -->
  <testcase classname="com.trello.testcases.TrelloBoards" name="trelloBoardPageCheck" time="0.0">
    <skipped/>
  </testcase> <!-- trelloBoardPageCheck -->
  <testcase classname="com.trello.testcases.TrelloBoards" name="trelloCreateAndDeleteBoard" time="0.0">
    <skipped/>
  </testcase> <!-- trelloCreateAndDeleteBoard -->
  <testcase classname="com.trello.testcases.TrelloBoards" name="trelloCreateMultipleListAndSwapInCreatedBoard" time="0.0">
    <skipped/>
  </testcase> <!-- trelloCreateMultipleListAndSwapInCreatedBoard -->
</testsuite> <!-- Regression -->
